2025-03-19 05:45:03.566 | ERROR    | finite_monkey.tools.tool_registry:discover_tools:78 - Error processing tool module finite_monkey.tools.self_healing: unterminated string literal (detected at line 162) (self_healing.py, line 162)
2025-03-19 05:45:03.568 | WARNING  | finite_monkey.tools.agent_tool_sets:get_all_tools:160 - Error discovering tools: unterminated string literal (detected at line 162) (self_healing.py, line 162)
2025-03-19 05:45:03.568 | INFO     | finite_monkey.tools.agent_tool_sets:create_tool_bundle:206 - Created agent tool bundle with 12 tools from sets: ['all']
2025-03-19 05:45:03.568 | INFO     | finite_monkey.tools.agent_tool_sets:create_tool_bundle:206 - Created agent tool bundle with 3 tools from sets: ['security']
2025-03-19 05:45:03.568 | INFO     | finite_monkey.tools.agent_tool_sets:create_tool_bundle:206 - Created agent tool bundle with 3 tools from sets: ['code']
2025-03-19 05:45:03.568 | INFO     | finite_monkey.tools.agent_tool_sets:create_tool_bundle:206 - Created agent tool bundle with 3 tools from sets: ['data']
2025-03-19 05:45:03.568 | INFO     | finite_monkey.tools.agent_tool_sets:create_tool_bundle:206 - Created agent tool bundle with 3 tools from sets: ['io']
2025-03-19 05:45:03.568 | INFO     | finite_monkey.tools.agent_tool_sets:create_tool_bundle:206 - Created agent tool bundle with 6 tools from sets: ['security', 'code']
2025-03-19 05:45:03.568 | DEBUG    | finite_monkey.tools.tool_registry:register_tool_bundle:110 - Registered tool bundle: all with 12 tools
2025-03-19 05:45:03.568 | DEBUG    | finite_monkey.tools.tool_registry:register_tool_bundle:110 - Registered tool bundle: code_analysis with 3 tools
2025-03-19 05:45:03.568 | DEBUG    | finite_monkey.tools.tool_registry:register_tool_bundle:110 - Registered tool bundle: data_analysis with 3 tools
2025-03-19 05:45:03.568 | DEBUG    | finite_monkey.tools.tool_registry:register_tool_bundle:110 - Registered tool bundle: io with 3 tools
2025-03-19 05:45:03.568 | DEBUG    | finite_monkey.tools.tool_registry:register_tool_bundle:110 - Registered tool bundle: security_and_code with 6 tools
2025-03-19 05:45:03.568 | DEBUG    | finite_monkey.tools.tool_registry:register_tool_bundle:110 - Registered tool bundle: security with 3 tools
2025-03-19 05:45:03.575 | DEBUG    | finite_monkey.rag:<module>:37 - Imported RAG plugin module: finite_monkey.rag.plugins.llama_index_github
2025-03-19 05:45:03.577 | ERROR    | finite_monkey.rag:<module>:44 - Error loading RAG plugin from /home/files/git/a-finite-monkey-engine/finite_monkey/rag/plugins/code4rena_knowledge.py: unexpected indent (code4rena_collector.py, line 1)
2025-03-19 05:45:03.578 | ERROR    | finite_monkey.tools.tool_registry:discover_tools:78 - Error processing tool module finite_monkey.tools.gh_cli: unmatched ']' (gh_cli.py, line 131)
2025-03-19 05:45:03.578 | ERROR    | finite_monkey.tools.tool_registry:discover_tools:78 - Error processing tool module finite_monkey.tools.code4rena_collector: unexpected indent (code4rena_collector.py, line 1)
2025-03-19 05:45:03.579 | ERROR    | finite_monkey.tools.tool_registry:discover_tools:78 - Error processing tool module finite_monkey.tools.rag_tool_functions: unexpected indent (code4rena_collector.py, line 1)
2025-03-19 05:45:03.934 | ERROR    | finite_monkey.tools.tool_registry:discover_tools:78 - Error processing tool module finite_monkey.tools.code4rena_indexer: unmatched ']' (gh_cli.py, line 131)
2025-03-19 05:45:03.936 | ERROR    | finite_monkey.tools.tool_registry:discover_tools:78 - Error processing tool module finite_monkey.tools.code4rena_cli: unmatched ']' (gh_cli.py, line 131)
2025-03-19 05:45:03.939 | ERROR    | finite_monkey.tools.tool_registry:discover_tools:78 - Error processing tool module finite_monkey.tools.code4rena_analyzer: unmatched ']' (gh_cli.py, line 131)
2025-03-19 05:45:03.940 | INFO     | finite_monkey.tools.tool_registry:discover_tools:80 - Discovered and registered 0 tools and 6 tool bundles
2025-03-19 05:46:31.409 | ERROR    | finite_monkey.tools.tool_registry:discover_tools:78 - Error processing tool module finite_monkey.tools.self_healing: unterminated string literal (detected at line 162) (self_healing.py, line 162)
2025-03-19 05:46:31.410 | WARNING  | finite_monkey.tools.agent_tool_sets:get_all_tools:160 - Error discovering tools: unterminated string literal (detected at line 162) (self_healing.py, line 162)
2025-03-19 05:46:31.410 | INFO     | finite_monkey.tools.agent_tool_sets:create_tool_bundle:206 - Created agent tool bundle with 12 tools from sets: ['all']
2025-03-19 05:46:31.410 | INFO     | finite_monkey.tools.agent_tool_sets:create_tool_bundle:206 - Created agent tool bundle with 3 tools from sets: ['security']
2025-03-19 05:46:31.410 | INFO     | finite_monkey.tools.agent_tool_sets:create_tool_bundle:206 - Created agent tool bundle with 3 tools from sets: ['code']
2025-03-19 05:46:31.410 | INFO     | finite_monkey.tools.agent_tool_sets:create_tool_bundle:206 - Created agent tool bundle with 3 tools from sets: ['data']
2025-03-19 05:46:31.410 | INFO     | finite_monkey.tools.agent_tool_sets:create_tool_bundle:206 - Created agent tool bundle with 3 tools from sets: ['io']
2025-03-19 05:46:31.410 | INFO     | finite_monkey.tools.agent_tool_sets:create_tool_bundle:206 - Created agent tool bundle with 6 tools from sets: ['security', 'code']
2025-03-19 05:46:31.411 | DEBUG    | finite_monkey.tools.tool_registry:register_tool_bundle:110 - Registered tool bundle: all with 12 tools
2025-03-19 05:46:31.411 | DEBUG    | finite_monkey.tools.tool_registry:register_tool_bundle:110 - Registered tool bundle: code_analysis with 3 tools
2025-03-19 05:46:31.411 | DEBUG    | finite_monkey.tools.tool_registry:register_tool_bundle:110 - Registered tool bundle: data_analysis with 3 tools
2025-03-19 05:46:31.411 | DEBUG    | finite_monkey.tools.tool_registry:register_tool_bundle:110 - Registered tool bundle: io with 3 tools
2025-03-19 05:46:31.411 | DEBUG    | finite_monkey.tools.tool_registry:register_tool_bundle:110 - Registered tool bundle: security_and_code with 6 tools
2025-03-19 05:46:31.411 | DEBUG    | finite_monkey.tools.tool_registry:register_tool_bundle:110 - Registered tool bundle: security with 3 tools
2025-03-19 05:46:31.413 | DEBUG    | finite_monkey.rag:<module>:37 - Imported RAG plugin module: finite_monkey.rag.plugins.llama_index_github
2025-03-19 05:46:31.414 | ERROR    | finite_monkey.rag:<module>:44 - Error loading RAG plugin from /home/files/git/a-finite-monkey-engine/finite_monkey/rag/plugins/code4rena_knowledge.py: unexpected indent (code4rena_collector.py, line 1)
2025-03-19 05:46:31.414 | ERROR    | finite_monkey.tools.tool_registry:discover_tools:78 - Error processing tool module finite_monkey.tools.gh_cli: unmatched ']' (gh_cli.py, line 131)
2025-03-19 05:46:31.414 | ERROR    | finite_monkey.tools.tool_registry:discover_tools:78 - Error processing tool module finite_monkey.tools.code4rena_collector: unexpected indent (code4rena_collector.py, line 1)
2025-03-19 05:46:31.415 | ERROR    | finite_monkey.tools.tool_registry:discover_tools:78 - Error processing tool module finite_monkey.tools.rag_tool_functions: unexpected indent (code4rena_collector.py, line 1)
2025-03-19 05:46:31.656 | ERROR    | finite_monkey.tools.tool_registry:discover_tools:78 - Error processing tool module finite_monkey.tools.code4rena_indexer: unmatched ']' (gh_cli.py, line 131)
2025-03-19 05:46:31.656 | ERROR    | finite_monkey.tools.tool_registry:discover_tools:78 - Error processing tool module finite_monkey.tools.code4rena_cli: unmatched ']' (gh_cli.py, line 131)
2025-03-19 05:46:31.657 | ERROR    | finite_monkey.tools.tool_registry:discover_tools:78 - Error processing tool module finite_monkey.tools.code4rena_analyzer: unmatched ']' (gh_cli.py, line 131)
2025-03-19 05:46:31.657 | INFO     | finite_monkey.tools.tool_registry:discover_tools:80 - Discovered and registered 0 tools and 6 tool bundles
2025-03-19 07:33:59.853 | DEBUG    | finite_monkey.rag:<module>:37 - Imported RAG plugin module: finite_monkey.rag.plugins.llama_index_github
2025-03-19 07:33:59.854 | ERROR    | finite_monkey.rag:<module>:44 - Error loading RAG plugin from /home/files/git/a-finite-monkey-engine/finite_monkey/rag/plugins/code4rena_knowledge.py: unexpected indent (code4rena_collector.py, line 1)
2025-03-19 07:33:59.855 | WARNING  | finite_monkey.tools.agent_tool_sets:get_all_tools:160 - Error discovering tools: unmatched ']' (gh_cli.py, line 131)
2025-03-19 07:33:59.855 | INFO     | finite_monkey.tools.agent_tool_sets:create_tool_bundle:206 - Created agent tool bundle with 12 tools from sets: ['all']
2025-03-19 07:33:59.855 | INFO     | finite_monkey.tools.agent_tool_sets:create_tool_bundle:206 - Created agent tool bundle with 3 tools from sets: ['security']
2025-03-19 07:33:59.855 | INFO     | finite_monkey.tools.agent_tool_sets:create_tool_bundle:206 - Created agent tool bundle with 3 tools from sets: ['code']
2025-03-19 07:33:59.855 | INFO     | finite_monkey.tools.agent_tool_sets:create_tool_bundle:206 - Created agent tool bundle with 3 tools from sets: ['data']
2025-03-19 07:33:59.855 | INFO     | finite_monkey.tools.agent_tool_sets:create_tool_bundle:206 - Created agent tool bundle with 3 tools from sets: ['io']
2025-03-19 07:33:59.855 | INFO     | finite_monkey.tools.agent_tool_sets:create_tool_bundle:206 - Created agent tool bundle with 6 tools from sets: ['security', 'code']
2025-03-19 07:33:59.855 | DEBUG    | finite_monkey.tools.tool_registry:register_tool_bundle:110 - Registered tool bundle: all with 12 tools
2025-03-19 07:33:59.855 | DEBUG    | finite_monkey.tools.tool_registry:register_tool_bundle:110 - Registered tool bundle: code_analysis with 3 tools
2025-03-19 07:33:59.855 | DEBUG    | finite_monkey.tools.tool_registry:register_tool_bundle:110 - Registered tool bundle: data_analysis with 3 tools
2025-03-19 07:33:59.855 | DEBUG    | finite_monkey.tools.tool_registry:register_tool_bundle:110 - Registered tool bundle: io with 3 tools
2025-03-19 07:33:59.855 | DEBUG    | finite_monkey.tools.tool_registry:register_tool_bundle:110 - Registered tool bundle: security_and_code with 6 tools
2025-03-19 07:33:59.855 | DEBUG    | finite_monkey.tools.tool_registry:register_tool_bundle:110 - Registered tool bundle: security with 3 tools
2025-03-19 07:33:59.856 | ERROR    | finite_monkey.tools.tool_registry:discover_tools:78 - Error processing tool module finite_monkey.tools.gh_cli: unmatched ']' (gh_cli.py, line 131)
2025-03-19 07:33:59.857 | ERROR    | finite_monkey.tools.tool_registry:discover_tools:78 - Error processing tool module finite_monkey.tools.code4rena_collector: unexpected indent (code4rena_collector.py, line 1)
2025-03-19 07:33:59.857 | ERROR    | finite_monkey.tools.tool_registry:discover_tools:78 - Error processing tool module finite_monkey.tools.rag_tool_functions: unexpected indent (code4rena_collector.py, line 1)
2025-03-19 07:34:00.317 | ERROR    | finite_monkey.tools.tool_registry:discover_tools:78 - Error processing tool module finite_monkey.tools.code4rena_indexer: unmatched ']' (gh_cli.py, line 131)
2025-03-19 07:34:00.318 | ERROR    | finite_monkey.tools.tool_registry:discover_tools:78 - Error processing tool module finite_monkey.tools.code4rena_cli: unmatched ']' (gh_cli.py, line 131)
2025-03-19 07:34:00.319 | ERROR    | finite_monkey.tools.tool_registry:discover_tools:78 - Error processing tool module finite_monkey.tools.code4rena_analyzer: unmatched ']' (gh_cli.py, line 131)
2025-03-19 07:34:00.320 | INFO     | finite_monkey.tools.tool_registry:discover_tools:80 - Discovered and registered 0 tools and 6 tool bundles
2025-03-19 09:55:57.683 | DEBUG    | finite_monkey.rag:<module>:37 - Imported RAG plugin module: finite_monkey.rag.plugins.llama_index_github
2025-03-19 09:55:58.237 | INFO     | finite_monkey.rag.registry:register_plugin:45 - Registered RAG plugin: code4rena_knowledge
2025-03-19 09:55:58.237 | INFO     | finite_monkey.rag.plugins.code4rena_knowledge:register_plugins:356 - Registered Code4rena Knowledge RAG plugin
2025-03-19 09:55:58.237 | DEBUG    | finite_monkey.rag:<module>:37 - Imported RAG plugin module: finite_monkey.rag.plugins.code4rena_knowledge
2025-03-19 09:55:58.237 | WARNING  | finite_monkey.rag.registry:register_plugin:42 - RAG plugin 'code4rena_knowledge' is being overwritten
2025-03-19 09:55:58.237 | INFO     | finite_monkey.rag.registry:register_plugin:45 - Registered RAG plugin: code4rena_knowledge
2025-03-19 09:55:58.238 | INFO     | finite_monkey.rag.plugins.code4rena_knowledge:register_plugins:356 - Registered Code4rena Knowledge RAG plugin
2025-03-19 09:55:58.241 | INFO     | finite_monkey.tools.agent_tool_sets:create_tool_bundle:206 - Created agent tool bundle with 12 tools from sets: ['all']
2025-03-19 09:55:58.242 | INFO     | finite_monkey.tools.agent_tool_sets:create_tool_bundle:206 - Created agent tool bundle with 3 tools from sets: ['security']
2025-03-19 09:55:58.242 | INFO     | finite_monkey.tools.agent_tool_sets:create_tool_bundle:206 - Created agent tool bundle with 3 tools from sets: ['code']
2025-03-19 09:55:58.242 | INFO     | finite_monkey.tools.agent_tool_sets:create_tool_bundle:206 - Created agent tool bundle with 3 tools from sets: ['data']
2025-03-19 09:55:58.242 | INFO     | finite_monkey.tools.agent_tool_sets:create_tool_bundle:206 - Created agent tool bundle with 3 tools from sets: ['io']
2025-03-19 09:55:58.242 | INFO     | finite_monkey.tools.agent_tool_sets:create_tool_bundle:206 - Created agent tool bundle with 6 tools from sets: ['security', 'code']
2025-03-19 09:55:58.242 | DEBUG    | finite_monkey.tools.tool_registry:register_tool_bundle:110 - Registered tool bundle: all with 12 tools
2025-03-19 09:55:58.242 | DEBUG    | finite_monkey.tools.tool_registry:register_tool_bundle:110 - Registered tool bundle: code_analysis with 3 tools
2025-03-19 09:55:58.242 | DEBUG    | finite_monkey.tools.tool_registry:register_tool_bundle:110 - Registered tool bundle: data_analysis with 3 tools
2025-03-19 09:55:58.242 | DEBUG    | finite_monkey.tools.tool_registry:register_tool_bundle:110 - Registered tool bundle: io with 3 tools
2025-03-19 09:55:58.243 | DEBUG    | finite_monkey.tools.tool_registry:register_tool_bundle:110 - Registered tool bundle: security_and_code with 6 tools
2025-03-19 09:55:58.243 | DEBUG    | finite_monkey.tools.tool_registry:register_tool_bundle:110 - Registered tool bundle: security with 3 tools
2025-03-19 09:55:58.245 | INFO     | finite_monkey.tools.tool_registry:discover_tools:80 - Discovered and registered 0 tools and 6 tool bundles
2025-03-19 15:22:31.895 | DEBUG    | finite_monkey.rag:<module>:37 - Imported RAG plugin module: finite_monkey.rag.plugins.llama_index_github
2025-03-19 15:22:32.211 | INFO     | finite_monkey.rag.registry:register_plugin:45 - Registered RAG plugin: code4rena_knowledge
2025-03-19 15:22:32.211 | INFO     | finite_monkey.rag.plugins.code4rena_knowledge:register_plugins:356 - Registered Code4rena Knowledge RAG plugin
2025-03-19 15:22:32.211 | DEBUG    | finite_monkey.rag:<module>:37 - Imported RAG plugin module: finite_monkey.rag.plugins.code4rena_knowledge
2025-03-19 15:22:32.211 | WARNING  | finite_monkey.rag.registry:register_plugin:42 - RAG plugin 'code4rena_knowledge' is being overwritten
2025-03-19 15:22:32.211 | INFO     | finite_monkey.rag.registry:register_plugin:45 - Registered RAG plugin: code4rena_knowledge
2025-03-19 15:22:32.211 | INFO     | finite_monkey.rag.plugins.code4rena_knowledge:register_plugins:356 - Registered Code4rena Knowledge RAG plugin
2025-03-19 15:22:32.212 | INFO     | finite_monkey.tools.agent_tool_sets:create_tool_bundle:206 - Created agent tool bundle with 12 tools from sets: ['all']
2025-03-19 15:22:32.212 | INFO     | finite_monkey.tools.agent_tool_sets:create_tool_bundle:206 - Created agent tool bundle with 3 tools from sets: ['security']
2025-03-19 15:22:32.212 | INFO     | finite_monkey.tools.agent_tool_sets:create_tool_bundle:206 - Created agent tool bundle with 3 tools from sets: ['code']
2025-03-19 15:22:32.212 | INFO     | finite_monkey.tools.agent_tool_sets:create_tool_bundle:206 - Created agent tool bundle with 3 tools from sets: ['data']
2025-03-19 15:22:32.212 | INFO     | finite_monkey.tools.agent_tool_sets:create_tool_bundle:206 - Created agent tool bundle with 3 tools from sets: ['io']
2025-03-19 15:22:32.212 | INFO     | finite_monkey.tools.agent_tool_sets:create_tool_bundle:206 - Created agent tool bundle with 6 tools from sets: ['security', 'code']
2025-03-19 15:22:32.212 | DEBUG    | finite_monkey.tools.tool_registry:register_tool_bundle:110 - Registered tool bundle: all with 12 tools
2025-03-19 15:22:32.212 | DEBUG    | finite_monkey.tools.tool_registry:register_tool_bundle:110 - Registered tool bundle: code_analysis with 3 tools
2025-03-19 15:22:32.212 | DEBUG    | finite_monkey.tools.tool_registry:register_tool_bundle:110 - Registered tool bundle: data_analysis with 3 tools
2025-03-19 15:22:32.213 | DEBUG    | finite_monkey.tools.tool_registry:register_tool_bundle:110 - Registered tool bundle: io with 3 tools
2025-03-19 15:22:32.213 | DEBUG    | finite_monkey.tools.tool_registry:register_tool_bundle:110 - Registered tool bundle: security_and_code with 6 tools
2025-03-19 15:22:32.213 | DEBUG    | finite_monkey.tools.tool_registry:register_tool_bundle:110 - Registered tool bundle: security with 3 tools
2025-03-19 15:22:32.214 | INFO     | finite_monkey.tools.tool_registry:discover_tools:80 - Discovered and registered 0 tools and 6 tool bundles
