2025-03-23 20:16:04.719 | INFO     | __main__:run_acceptance_test:64 - Starting pipeline flow acceptance test
2025-03-23 20:16:04.719 | INFO     | __main__:run_acceptance_test:72 - Created test contract at: /tmp/tmp5_a_0tra/TokenExchange.sol
2025-03-23 20:16:04.719 | INFO     | finite_monkey.utils.debug:inspect_context:19 - ==== Context Inspection at Initial Context ====
2025-03-23 20:16:04.719 | INFO     | finite_monkey.utils.debug:inspect_context:25 - Context has contracts: True
2025-03-23 20:16:04.719 | INFO     | finite_monkey.utils.debug:inspect_context:26 - Context has functions: True
2025-03-23 20:16:04.719 | INFO     | finite_monkey.utils.debug:inspect_context:32 - Context contains 0 contracts and 0 functions
2025-03-23 20:16:04.719 | INFO     | finite_monkey.utils.debug:inspect_context:49 - =========================================
2025-03-23 20:16:04.720 | INFO     | __main__:run_acceptance_test:99 - Processing chunks...
2025-03-23 20:16:04.821 | INFO     | finite_monkey.utils.chunking:chunk_code:476 - Found 5 functions and 1 contracts in TokenExchange
2025-03-23 20:16:04.821 | INFO     | finite_monkey.utils.chunking:process_file_chunks:735 - Integrated 6 chunks into context: 1 contracts, 1 functions
2025-03-23 20:16:04.821 | INFO     | finite_monkey.utils.debug:inspect_context:19 - ==== Context Inspection at After Chunking ====
2025-03-23 20:16:04.821 | INFO     | finite_monkey.utils.debug:inspect_context:25 - Context has contracts: True
2025-03-23 20:16:04.821 | INFO     | finite_monkey.utils.debug:inspect_context:26 - Context has functions: True
2025-03-23 20:16:04.821 | INFO     | finite_monkey.utils.debug:inspect_context:32 - Context contains 1 contracts and 1 functions
2025-03-23 20:16:04.821 | INFO     | finite_monkey.utils.debug:inspect_context:36 - Contracts:
2025-03-23 20:16:04.822 | INFO     | finite_monkey.utils.debug:inspect_context:39 -   - TokenExchange: 1 functions
2025-03-23 20:16:04.822 | INFO     | finite_monkey.utils.debug:inspect_context:45 -     - TokenExchange
2025-03-23 20:16:04.822 | INFO     | finite_monkey.utils.debug:inspect_context:49 - =========================================
2025-03-23 20:16:04.822 | INFO     | __main__:run_acceptance_test:115 - Extracting business flows...
2025-03-23 20:16:04.822 | INFO     | finite_monkey.analyzers.business_flow:extract_business_flows:44 - Starting business flow extraction for 1 contracts
2025-03-23 20:16:04.822 | INFO     | finite_monkey.analyzers.business_flow:extract_business_flows:69 - Extracted 0 business flows from contracts
2025-03-23 20:16:04.822 | INFO     | finite_monkey.utils.debug:inspect_context:19 - ==== Context Inspection at After Business Flow Extraction ====
2025-03-23 20:16:04.822 | INFO     | finite_monkey.utils.debug:inspect_context:25 - Context has contracts: True
2025-03-23 20:16:04.822 | INFO     | finite_monkey.utils.debug:inspect_context:26 - Context has functions: True
2025-03-23 20:16:04.822 | INFO     | finite_monkey.utils.debug:inspect_context:32 - Context contains 1 contracts and 1 functions
2025-03-23 20:16:04.822 | INFO     | finite_monkey.utils.debug:inspect_context:36 - Contracts:
2025-03-23 20:16:04.822 | INFO     | finite_monkey.utils.debug:inspect_context:39 -   - TokenExchange: 1 functions
2025-03-23 20:16:04.822 | INFO     | finite_monkey.utils.debug:inspect_context:45 -     - TokenExchange
2025-03-23 20:16:04.822 | INFO     | finite_monkey.utils.debug:inspect_context:49 - =========================================
2025-03-23 20:16:04.822 | WARNING  | __main__:run_acceptance_test:123 - No business flows were extracted
2025-03-23 20:16:04.822 | INFO     | __main__:run_acceptance_test:129 - Acceptance test completed successfully
