2025-03-24 06:58:50.066 | INFO     | __main__:<module>:30 - Successfully imported parsers
2025-03-24 06:58:50.067 | INFO     | __main__:test_direct_chunking_flow:229 - Starting direct chunking test
2025-03-24 06:58:50.067 | INFO     | __main__:load_file_directly:85 - Loading file directly: /home/files/git/a-finite-monkey-engine/tests/fixtures/sample_contract.sol
2025-03-24 06:58:50.067 | INFO     | __main__:load_file_directly:103 - Loaded file: sample_contract.sol (656 bytes)
2025-03-24 06:58:50.067 | INFO     | __main__:parse_with_tree_sitter:114 - Parsing /home/files/git/a-finite-monkey-engine/tests/fixtures/sample_contract.sol with TreeSitterGraph
2025-03-24 06:58:50.068 | ERROR    | __main__:parse_with_tree_sitter:126 - Error parsing with TreeSitterGraph: 'TreeSitterGraph' object has no attribute 'parse_code'
2025-03-24 06:58:50.068 | ERROR    | __main__:parse_with_tree_sitter:128 - Traceback (most recent call last):
  File "/home/files/git/a-finite-monkey-engine/scripts/direct_loader_chunker_test.py", line 121, in parse_with_tree_sitter
    ast = tree_sitter.parse_code(content, file_path)
          ^^^^^^^^^^^^^^^^^^^^^^
AttributeError: 'TreeSitterGraph' object has no attribute 'parse_code'. Did you mean: 'parse_sol'?

2025-03-24 06:58:50.068 | INFO     | __main__:parse_with_sgp:138 - Parsing /home/files/git/a-finite-monkey-engine/tests/fixtures/sample_contract.sol with AsyncSolidityParser
2025-03-24 06:58:50.118 | INFO     | __main__:parse_with_sgp:147 - Successfully parsed /home/files/git/a-finite-monkey-engine/tests/fixtures/sample_contract.sol with AsyncSolidityParser
2025-03-24 06:58:50.118 | INFO     | __main__:parse_with_sgp:183 - SGP parser found 1 contracts, 3 functions, 1 events, and 1 errors
2025-03-24 06:58:50.118 | INFO     | __main__:test_direct_chunking_flow:252 - Successfully parsed with AsyncSolidityParser
2025-03-24 06:58:50.127 | INFO     | __main__:test_direct_chunking_flow:260 - SGP Parser Result Summary:
2025-03-24 06:58:50.136 | INFO     | __main__:test_direct_chunking_flow:261 - {
  "file": "unknown",
  "contracts": []
}
2025-03-24 06:58:50.136 | ERROR    | __main__:test_direct_chunking_flow:293 - Error in test_direct_chunking_flow: name 'chunks' is not defined
2025-03-24 06:58:50.137 | ERROR    | __main__:test_direct_chunking_flow:295 - Traceback (most recent call last):
  File "/home/files/git/a-finite-monkey-engine/scripts/direct_loader_chunker_test.py", line 272, in test_direct_chunking_flow
    context = transform_chunks_to_context(context, chunks, file_id)
                                                   ^^^^^^
NameError: name 'chunks' is not defined

2025-03-24 06:58:50.137 | ERROR    | __main__:main:362 - ❌ Tests FAILED
