2025-03-24 06:57:41.797 | INFO     | __main__:<module>:30 - Successfully imported parsers
2025-03-24 06:57:41.797 | INFO     | __main__:test_direct_chunking_flow:229 - Starting direct chunking test
2025-03-24 06:57:41.797 | INFO     | __main__:load_file_directly:85 - Loading file directly: /home/files/git/a-finite-monkey-engine/tests/fixtures/sample_contract.sol
2025-03-24 06:57:41.797 | INFO     | __main__:load_file_directly:103 - Loaded file: sample_contract.sol (656 bytes)
2025-03-24 06:57:41.797 | INFO     | __main__:parse_with_tree_sitter:114 - Parsing /home/files/git/a-finite-monkey-engine/tests/fixtures/sample_contract.sol with TreeSitterGraph
2025-03-24 06:57:41.798 | ERROR    | __main__:parse_with_tree_sitter:126 - Error parsing with TreeSitterGraph: 'TreeSitterGraph' object has no attribute 'parse_code'
2025-03-24 06:57:41.799 | ERROR    | __main__:parse_with_tree_sitter:128 - Traceback (most recent call last):
  File "/home/files/git/a-finite-monkey-engine/scripts/direct_loader_chunker_test.py", line 121, in parse_with_tree_sitter
    ast = tree_sitter.parse_code(content, file_path)
          ^^^^^^^^^^^^^^^^^^^^^^
AttributeError: 'TreeSitterGraph' object has no attribute 'parse_code'. Did you mean: 'parse_sol'?

2025-03-24 06:57:41.799 | INFO     | __main__:parse_with_sgp:138 - Parsing /home/files/git/a-finite-monkey-engine/tests/fixtures/sample_contract.sol with AsyncSolidityParser
2025-03-24 06:57:41.853 | INFO     | __main__:parse_with_sgp:147 - Successfully parsed /home/files/git/a-finite-monkey-engine/tests/fixtures/sample_contract.sol with AsyncSolidityParser
2025-03-24 06:57:41.853 | INFO     | __main__:parse_with_sgp:183 - SGP parser found 1 contracts, 3 functions,1 events, and 1 errors
2025-03-24 06:57:41.853 | INFO     | __main__:test_direct_chunking_flow:252 - Successfully parsed with AsyncSolidityParser
2025-03-24 06:57:41.863 | INFO     | __main__:test_direct_chunking_flow:260 - SGP Parser Result Summary:
2025-03-24 06:57:41.871 | INFO     | __main__:test_direct_chunking_flow:261 - {
  "file": "unknown",
  "contracts": []
}
2025-03-24 06:57:41.871 | ERROR    | __main__:test_direct_chunking_flow:315 - Error in test_direct_chunking_flow: object of type 'NoneType' has no len()
2025-03-24 06:57:41.872 | ERROR    | __main__:test_direct_chunking_flow:317 - Traceback (most recent call last):
  File "/home/files/git/a-finite-monkey-engine/scripts/direct_loader_chunker_test.py", line 275, in test_direct_chunking_flow
    logger.info(f"Generated {len(chunks)} chunks")
                             ^^^^^^^^^^^
TypeError: object of type 'NoneType' has no len()

2025-03-24 06:57:41.872 | ERROR    | __main__:main:384 - ❌ Tests FAILED
