2025-03-24 04:30:05.747 | INFO     | __main__:test_sgp_parser:131 - Parsing /home/files/git/a-finite-monkey-engine/tests/fixtures/test_inheritance.sol
2025-03-24 04:30:05.824 | INFO     | __main__:test_sgp_parser:139 - Successfully parsed with AsyncSolidityParser
2025-03-24 04:30:05.830 | INFO     | __main__:test_sgp_parser:154 - Found 3 contracts: IOwnable, Base, Child
2025-03-24 04:30:05.831 | INFO     | __main__:test_sgp_parser:172 - Found 8 total functions
2025-03-24 04:30:05.831 | INFO     | __main__:test_sgp_parser:189 - Function owner has no direct contract reference
2025-03-24 04:30:05.831 | INFO     | __main__:test_sgp_parser:189 - Function transferOwnership has no direct contract reference
2025-03-24 04:30:05.831 | INFO     | __main__:test_sgp_parser:189 - Function None has no direct contract reference
2025-03-24 04:30:05.831 | INFO     | __main__:test_sgp_parser:189 - Function getValue has no direct contract reference
2025-03-24 04:30:05.831 | INFO     | __main__:test_sgp_parser:189 - Function None has no direct contract reference
2025-03-24 04:30:05.831 | INFO     | __main__:test_sgp_parser:189 - Function setValue has no direct contract reference
2025-03-24 04:30:05.831 | INFO     | __main__:test_sgp_parser:189 - Function owner has no direct contract reference
2025-03-24 04:30:05.831 | INFO     | __main__:test_sgp_parser:189 - Function transferOwnership has no direct contract reference
2025-03-24 04:30:05.831 | INFO     | __main__:test_sgp_parser:193 - Found 1 interfaces
2025-03-24 04:30:05.831 | INFO     | __main__:test_sgp_parser:206 - Contract 'IOwnable' has 2 functions
2025-03-24 04:30:05.831 | INFO     | __main__:test_sgp_parser:210 - Contract 'IOwnable' has 0 state variables
2025-03-24 04:30:05.831 | INFO     | __main__:test_sgp_parser:206 - Contract 'Base' has 2 functions
2025-03-24 04:30:05.831 | INFO     | __main__:test_sgp_parser:210 - Contract 'Base' has 1 state variables
2025-03-24 04:30:05.831 | INFO     | __main__:test_sgp_parser:202 - Contract 'Child' inherits from: unnamed, unnamed
2025-03-24 04:30:05.831 | INFO     | __main__:test_sgp_parser:206 - Contract 'Child' has 4 functions
2025-03-24 04:30:05.831 | INFO     | __main__:test_sgp_parser:210 - Contract 'Child' has 1 state variables
2025-03-24 04:30:05.831 | INFO     | __main__:test_sgp_parser:217 - Child contract has 1 modifiers
2025-03-24 04:30:05.831 | INFO     | __main__:test_sgp_parser:222 - Found constructor with initializer
2025-03-24 04:30:05.831 | INFO     | __main__:test_sgp_parser:228 - Function: None (visibility: default)
2025-03-24 04:30:05.831 | INFO     | __main__:test_sgp_parser:228 - Function: setValue (visibility: public)
2025-03-24 04:30:05.831 | INFO     | __main__:main:245 - ✅ AsyncSolidityParser test PASSED
